2020-06-26 15:53:23,086 [myid:] - INFO  [main:QuorumPeerConfig@173] - Reading configuration from: /Users/Maruen/Projects/LEARNINGS/SPRING-CLOUD-ZOOKEEPER/apache-zookeeper-3.6.1-bin/bin/../conf/zoo.cfg
2020-06-26 15:53:23,099 [myid:] - INFO  [main:QuorumPeerConfig@459] - clientPortAddress is 0.0.0.0:2181
2020-06-26 15:53:23,099 [myid:] - INFO  [main:QuorumPeerConfig@463] - secureClientPort is not set
2020-06-26 15:53:23,099 [myid:] - INFO  [main:QuorumPeerConfig@479] - observerMasterPort is not set
2020-06-26 15:53:23,099 [myid:] - INFO  [main:QuorumPeerConfig@496] - metricsProvider.className is org.apache.zookeeper.metrics.impl.DefaultMetricsProvider
2020-06-26 15:53:23,101 [myid:] - INFO  [main:DatadirCleanupManager@78] - autopurge.snapRetainCount set to 3
2020-06-26 15:53:23,101 [myid:] - INFO  [main:DatadirCleanupManager@79] - autopurge.purgeInterval set to 0
2020-06-26 15:53:23,101 [myid:] - INFO  [main:DatadirCleanupManager@101] - Purge task is not scheduled.
2020-06-26 15:53:23,101 [myid:] - WARN  [main:QuorumPeerMain@138] - Either no config or no quorum defined in config, running in standalone mode
2020-06-26 15:53:23,103 [myid:] - INFO  [main:ManagedUtil@44] - Log4j 1.2 jmx support found and enabled.
2020-06-26 15:53:23,109 [myid:] - INFO  [main:QuorumPeerConfig@173] - Reading configuration from: /Users/Maruen/Projects/LEARNINGS/SPRING-CLOUD-ZOOKEEPER/apache-zookeeper-3.6.1-bin/bin/../conf/zoo.cfg
2020-06-26 15:53:23,110 [myid:] - INFO  [main:QuorumPeerConfig@459] - clientPortAddress is 0.0.0.0:2181
2020-06-26 15:53:23,110 [myid:] - INFO  [main:QuorumPeerConfig@463] - secureClientPort is not set
2020-06-26 15:53:23,110 [myid:] - INFO  [main:QuorumPeerConfig@479] - observerMasterPort is not set
2020-06-26 15:53:23,110 [myid:] - INFO  [main:QuorumPeerConfig@496] - metricsProvider.className is org.apache.zookeeper.metrics.impl.DefaultMetricsProvider
2020-06-26 15:53:23,110 [myid:] - INFO  [main:ZooKeeperServerMain@122] - Starting server
2020-06-26 15:53:23,122 [myid:] - INFO  [main:ServerMetrics@62] - ServerMetrics initialized with provider org.apache.zookeeper.metrics.impl.DefaultMetricsProvider@7dc36524
2020-06-26 15:53:23,125 [myid:] - INFO  [main:FileTxnSnapLog@124] - zookeeper.snapshot.trust.empty : false
2020-06-26 15:53:23,132 [myid:] - INFO  [main:ZookeeperBanner@42] - 
2020-06-26 15:53:23,133 [myid:] - INFO  [main:ZookeeperBanner@42] -   ______                  _                                          
2020-06-26 15:53:23,133 [myid:] - INFO  [main:ZookeeperBanner@42] -  |___  /                 | |                                         
2020-06-26 15:53:23,133 [myid:] - INFO  [main:ZookeeperBanner@42] -     / /    ___     ___   | | __   ___    ___   _ __     ___   _ __   
2020-06-26 15:53:23,133 [myid:] - INFO  [main:ZookeeperBanner@42] -    / /    / _ \   / _ \  | |/ /  / _ \  / _ \ | '_ \   / _ \ | '__|
2020-06-26 15:53:23,133 [myid:] - INFO  [main:ZookeeperBanner@42] -   / /__  | (_) | | (_) | |   <  |  __/ |  __/ | |_) | |  __/ | |    
2020-06-26 15:53:23,133 [myid:] - INFO  [main:ZookeeperBanner@42] -  /_____|  \___/   \___/  |_|\_\  \___|  \___| | .__/   \___| |_|
2020-06-26 15:53:23,133 [myid:] - INFO  [main:ZookeeperBanner@42] -                                               | |                     
2020-06-26 15:53:23,133 [myid:] - INFO  [main:ZookeeperBanner@42] -                                               |_|                     
2020-06-26 15:53:23,133 [myid:] - INFO  [main:ZookeeperBanner@42] - 
2020-06-26 15:53:23,135 [myid:] - INFO  [main:Environment@98] - Server environment:zookeeper.version=3.6.1--104dcb3e3fb464b30c5186d229e00af9f332524b, built on 04/21/2020 15:01 GMT
2020-06-26 15:53:23,135 [myid:] - INFO  [main:Environment@98] - Server environment:host.name=localhost
2020-06-26 15:53:23,135 [myid:] - INFO  [main:Environment@98] - Server environment:java.version=1.8.0_181
2020-06-26 15:53:23,135 [myid:] - INFO  [main:Environment@98] - Server environment:java.vendor=Oracle Corporation
2020-06-26 15:53:23,135 [myid:] - INFO  [main:Environment@98] - Server environment:java.home=/Library/Java/JavaVirtualMachines/jdk1.8.0_181.jdk/Contents/Home/jre
2020-06-26 15:53:23,136 [myid:] - INFO  [main:Environment@98] - Server environment:java.class.path=/Users/Maruen/Projects/LEARNINGS/SPRING-CLOUD-ZOOKEEPER/apache-zookeeper-3.6.1-bin/bin/../zookeeper-server/target/classes:/Users/Maruen/Projects/LEARNINGS/SPRING-CLOUD-ZOOKEEPER/apache-zookeeper-3.6.1-bin/bin/../build/classes:/Users/Maruen/Projects/LEARNINGS/SPRING-CLOUD-ZOOKEEPER/apache-zookeeper-3.6.1-bin/bin/../zookeeper-server/target/lib/*.jar:/Users/Maruen/Projects/LEARNINGS/SPRING-CLOUD-ZOOKEEPER/apache-zookeeper-3.6.1-bin/bin/../build/lib/*.jar:/Users/Maruen/Projects/LEARNINGS/SPRING-CLOUD-ZOOKEEPER/apache-zookeeper-3.6.1-bin/bin/../lib/zookeeper-prometheus-metrics-3.6.1.jar:/Users/Maruen/Projects/LEARNINGS/SPRING-CLOUD-ZOOKEEPER/apache-zookeeper-3.6.1-bin/bin/../lib/zookeeper-jute-3.6.1.jar:/Users/Maruen/Projects/LEARNINGS/SPRING-CLOUD-ZOOKEEPER/apache-zookeeper-3.6.1-bin/bin/../lib/zookeeper-3.6.1.jar:/Users/Maruen/Projects/LEARNINGS/SPRING-CLOUD-ZOOKEEPER/apache-zookeeper-3.6.1-bin/bin/../lib/snappy-java-1.1.7.jar:/Users/Maruen/Projects/LEARNINGS/SPRING-CLOUD-ZOOKEEPER/apache-zookeeper-3.6.1-bin/bin/../lib/slf4j-log4j12-1.7.25.jar:/Users/Maruen/Projects/LEARNINGS/SPRING-CLOUD-ZOOKEEPER/apache-zookeeper-3.6.1-bin/bin/../lib/slf4j-api-1.7.25.jar:/Users/Maruen/Projects/LEARNINGS/SPRING-CLOUD-ZOOKEEPER/apache-zookeeper-3.6.1-bin/bin/../lib/simpleclient_servlet-0.6.0.jar:/Users/Maruen/Projects/LEARNINGS/SPRING-CLOUD-ZOOKEEPER/apache-zookeeper-3.6.1-bin/bin/../lib/simpleclient_hotspot-0.6.0.jar:/Users/Maruen/Projects/LEARNINGS/SPRING-CLOUD-ZOOKEEPER/apache-zookeeper-3.6.1-bin/bin/../lib/simpleclient_common-0.6.0.jar:/Users/Maruen/Projects/LEARNINGS/SPRING-CLOUD-ZOOKEEPER/apache-zookeeper-3.6.1-bin/bin/../lib/simpleclient-0.6.0.jar:/Users/Maruen/Projects/LEARNINGS/SPRING-CLOUD-ZOOKEEPER/apache-zookeeper-3.6.1-bin/bin/../lib/netty-transport-native-unix-common-4.1.48.Final.jar:/Users/Maruen/Projects/LEARNINGS/SPRING-CLOUD-ZOOKEEPER/apache-zookeeper-3.6.1-bin/bin/../lib/netty-transport-native-epoll-4.1.48.Final.jar:/Users/Maruen/Projects/LEARNINGS/SPRING-CLOUD-ZOOKEEPER/apache-zookeeper-3.6.1-bin/bin/../lib/netty-transport-4.1.48.Final.jar:/Users/Maruen/Projects/LEARNINGS/SPRING-CLOUD-ZOOKEEPER/apache-zookeeper-3.6.1-bin/bin/../lib/netty-resolver-4.1.48.Final.jar:/Users/Maruen/Projects/LEARNINGS/SPRING-CLOUD-ZOOKEEPER/apache-zookeeper-3.6.1-bin/bin/../lib/netty-handler-4.1.48.Final.jar:/Users/Maruen/Projects/LEARNINGS/SPRING-CLOUD-ZOOKEEPER/apache-zookeeper-3.6.1-bin/bin/../lib/netty-common-4.1.48.Final.jar:/Users/Maruen/Projects/LEARNINGS/SPRING-CLOUD-ZOOKEEPER/apache-zookeeper-3.6.1-bin/bin/../lib/netty-codec-4.1.48.Final.jar:/Users/Maruen/Projects/LEARNINGS/SPRING-CLOUD-ZOOKEEPER/apache-zookeeper-3.6.1-bin/bin/../lib/netty-buffer-4.1.48.Final.jar:/Users/Maruen/Projects/LEARNINGS/SPRING-CLOUD-ZOOKEEPER/apache-zookeeper-3.6.1-bin/bin/../lib/metrics-core-3.2.5.jar:/Users/Maruen/Projects/LEARNINGS/SPRING-CLOUD-ZOOKEEPER/apache-zookeeper-3.6.1-bin/bin/../lib/log4j-1.2.17.jar:/Users/Maruen/Projects/LEARNINGS/SPRING-CLOUD-ZOOKEEPER/apache-zookeeper-3.6.1-bin/bin/../lib/json-simple-1.1.1.jar:/Users/Maruen/Projects/LEARNINGS/SPRING-CLOUD-ZOOKEEPER/apache-zookeeper-3.6.1-bin/bin/../lib/jline-2.11.jar:/Users/Maruen/Projects/LEARNINGS/SPRING-CLOUD-ZOOKEEPER/apache-zookeeper-3.6.1-bin/bin/../lib/jetty-util-9.4.24.v20191120.jar:/Users/Maruen/Projects/LEARNINGS/SPRING-CLOUD-ZOOKEEPER/apache-zookeeper-3.6.1-bin/bin/../lib/jetty-servlet-9.4.24.v20191120.jar:/Users/Maruen/Projects/LEARNINGS/SPRING-CLOUD-ZOOKEEPER/apache-zookeeper-3.6.1-bin/bin/../lib/jetty-server-9.4.24.v20191120.jar:/Users/Maruen/Projects/LEARNINGS/SPRING-CLOUD-ZOOKEEPER/apache-zookeeper-3.6.1-bin/bin/../lib/jetty-security-9.4.24.v20191120.jar:/Users/Maruen/Projects/LEARNINGS/SPRING-CLOUD-ZOOKEEPER/apache-zookeeper-3.6.1-bin/bin/../lib/jetty-io-9.4.24.v20191120.jar:/Users/Maruen/Projects/LEARNINGS/SPRING-CLOUD-ZOOKEEPER/apache-zookeeper-3.6.1-bin/bin/../lib/jetty-http-9.4.24.v20191120.jar:/Users/Maruen/Projects/LEARNINGS/SPRING-CLOUD-ZOOKEEPER/apache-zookeeper-3.6.1-bin/bin/../lib/javax.servlet-api-3.1.0.jar:/Users/Maruen/Projects/LEARNINGS/SPRING-CLOUD-ZOOKEEPER/apache-zookeeper-3.6.1-bin/bin/../lib/jackson-databind-2.10.3.jar:/Users/Maruen/Projects/LEARNINGS/SPRING-CLOUD-ZOOKEEPER/apache-zookeeper-3.6.1-bin/bin/../lib/jackson-core-2.10.3.jar:/Users/Maruen/Projects/LEARNINGS/SPRING-CLOUD-ZOOKEEPER/apache-zookeeper-3.6.1-bin/bin/../lib/jackson-annotations-2.10.3.jar:/Users/Maruen/Projects/LEARNINGS/SPRING-CLOUD-ZOOKEEPER/apache-zookeeper-3.6.1-bin/bin/../lib/commons-lang-2.6.jar:/Users/Maruen/Projects/LEARNINGS/SPRING-CLOUD-ZOOKEEPER/apache-zookeeper-3.6.1-bin/bin/../lib/commons-cli-1.2.jar:/Users/Maruen/Projects/LEARNINGS/SPRING-CLOUD-ZOOKEEPER/apache-zookeeper-3.6.1-bin/bin/../lib/audience-annotations-0.5.0.jar:/Users/Maruen/Projects/LEARNINGS/SPRING-CLOUD-ZOOKEEPER/apache-zookeeper-3.6.1-bin/bin/../zookeeper-*.jar:/Users/Maruen/Projects/LEARNINGS/SPRING-CLOUD-ZOOKEEPER/apache-zookeeper-3.6.1-bin/bin/../zookeeper-server/src/main/resources/lib/*.jar:/Users/Maruen/Projects/LEARNINGS/SPRING-CLOUD-ZOOKEEPER/apache-zookeeper-3.6.1-bin/bin/../conf:
2020-06-26 15:53:23,136 [myid:] - INFO  [main:Environment@98] - Server environment:java.library.path=/Users/Maruen/Library/Java/Extensions:/Library/Java/Extensions:/Network/Library/Java/Extensions:/System/Library/Java/Extensions:/usr/lib/java:.
2020-06-26 15:53:23,136 [myid:] - INFO  [main:Environment@98] - Server environment:java.io.tmpdir=/var/folders/kz/lkrlsr5d4ms6n626hjc9wnlm0000gn/T/
2020-06-26 15:53:23,136 [myid:] - INFO  [main:Environment@98] - Server environment:java.compiler=<NA>
2020-06-26 15:53:23,136 [myid:] - INFO  [main:Environment@98] - Server environment:os.name=Mac OS X
2020-06-26 15:53:23,136 [myid:] - INFO  [main:Environment@98] - Server environment:os.arch=x86_64
2020-06-26 15:53:23,136 [myid:] - INFO  [main:Environment@98] - Server environment:os.version=10.15.5
2020-06-26 15:53:23,136 [myid:] - INFO  [main:Environment@98] - Server environment:user.name=Maruen
2020-06-26 15:53:23,136 [myid:] - INFO  [main:Environment@98] - Server environment:user.home=/Users/Maruen
2020-06-26 15:53:23,136 [myid:] - INFO  [main:Environment@98] - Server environment:user.dir=/Users/Maruen/Projects/LEARNINGS/SPRING-CLOUD-ZOOKEEPER/apache-zookeeper-3.6.1-bin/bin
2020-06-26 15:53:23,136 [myid:] - INFO  [main:Environment@98] - Server environment:os.memory.free=109MB
2020-06-26 15:53:23,136 [myid:] - INFO  [main:Environment@98] - Server environment:os.memory.max=889MB
2020-06-26 15:53:23,136 [myid:] - INFO  [main:Environment@98] - Server environment:os.memory.total=123MB
2020-06-26 15:53:23,136 [myid:] - INFO  [main:ZooKeeperServer@128] - zookeeper.enableEagerACLCheck = false
2020-06-26 15:53:23,137 [myid:] - INFO  [main:ZooKeeperServer@136] - zookeeper.digest.enabled = true
2020-06-26 15:53:23,137 [myid:] - INFO  [main:ZooKeeperServer@140] - zookeeper.closeSessionTxn.enabled = true
2020-06-26 15:53:23,137 [myid:] - INFO  [main:ZooKeeperServer@1434] - zookeeper.flushDelay=0
2020-06-26 15:53:23,137 [myid:] - INFO  [main:ZooKeeperServer@1443] - zookeeper.maxWriteQueuePollTime=0
2020-06-26 15:53:23,137 [myid:] - INFO  [main:ZooKeeperServer@1452] - zookeeper.maxBatchSize=1000
2020-06-26 15:53:23,137 [myid:] - INFO  [main:ZooKeeperServer@241] - zookeeper.intBufferStartingSizeBytes = 1024
2020-06-26 15:53:23,138 [myid:] - INFO  [main:BlueThrottle@141] - Weighed connection throttling is disabled
2020-06-26 15:53:23,139 [myid:] - INFO  [main:ZooKeeperServer@1246] - minSessionTimeout set to 4000
2020-06-26 15:53:23,139 [myid:] - INFO  [main:ZooKeeperServer@1255] - maxSessionTimeout set to 40000
2020-06-26 15:53:23,140 [myid:] - INFO  [main:ResponseCache@45] - Response cache size is initialized with value 400.
2020-06-26 15:53:23,140 [myid:] - INFO  [main:ResponseCache@45] - Response cache size is initialized with value 400.
2020-06-26 15:53:23,141 [myid:] - INFO  [main:RequestPathMetricsCollector@111] - zookeeper.pathStats.slotCapacity = 60
2020-06-26 15:53:23,141 [myid:] - INFO  [main:RequestPathMetricsCollector@112] - zookeeper.pathStats.slotDuration = 15
2020-06-26 15:53:23,141 [myid:] - INFO  [main:RequestPathMetricsCollector@113] - zookeeper.pathStats.maxDepth = 6
2020-06-26 15:53:23,141 [myid:] - INFO  [main:RequestPathMetricsCollector@114] - zookeeper.pathStats.initialDelay = 5
2020-06-26 15:53:23,141 [myid:] - INFO  [main:RequestPathMetricsCollector@115] - zookeeper.pathStats.delay = 5
2020-06-26 15:53:23,141 [myid:] - INFO  [main:RequestPathMetricsCollector@116] - zookeeper.pathStats.enabled = false
2020-06-26 15:53:23,143 [myid:] - INFO  [main:ZooKeeperServer@1471] - The max bytes for all large requests are set to 104857600
2020-06-26 15:53:23,143 [myid:] - INFO  [main:ZooKeeperServer@1485] - The large request threshold is set to -1
2020-06-26 15:53:23,143 [myid:] - INFO  [main:ZooKeeperServer@329] - Created server with tickTime 2000 minSessionTimeout 4000 maxSessionTimeout 40000 clientPortListenBacklog -1 datadir /tmp/zookeeper/version-2 snapdir /tmp/zookeeper/version-2
2020-06-26 15:53:23,159 [myid:] - INFO  [main:Log@169] - Logging initialized @388ms to org.eclipse.jetty.util.log.Slf4jLog
2020-06-26 15:53:23,230 [myid:] - WARN  [main:ContextHandler@1520] - o.e.j.s.ServletContextHandler@1786dec2{/,null,UNAVAILABLE} contextPath ends with /*
2020-06-26 15:53:23,230 [myid:] - WARN  [main:ContextHandler@1531] - Empty contextPath
2020-06-26 15:53:23,243 [myid:] - INFO  [main:Server@359] - jetty-9.4.24.v20191120; built: 2019-11-20T21:37:49.771Z; git: 363d5f2df3a8a28de40604320230664b9c793c16; jvm 1.8.0_181-b13
2020-06-26 15:53:23,268 [myid:] - INFO  [main:DefaultSessionIdManager@333] - DefaultSessionIdManager workerName=node0
2020-06-26 15:53:23,268 [myid:] - INFO  [main:DefaultSessionIdManager@338] - No SessionScavenger set, using defaults
2020-06-26 15:53:23,269 [myid:] - INFO  [main:HouseKeeper@140] - node0 Scavenging every 600000ms
2020-06-26 15:53:23,276 [myid:] - INFO  [main:ContextHandler@825] - Started o.e.j.s.ServletContextHandler@1786dec2{/,null,AVAILABLE}
2020-06-26 15:53:23,291 [myid:] - INFO  [main:AbstractConnector@330] - Started ServerConnector@1e127982{HTTP/1.1,[http/1.1]}{0.0.0.0:8080}
2020-06-26 15:53:23,292 [myid:] - INFO  [main:Server@399] - Started @521ms
2020-06-26 15:53:23,292 [myid:] - INFO  [main:JettyAdminServer@178] - Started AdminServer on address 0.0.0.0, port 8080 and command URL /commands
2020-06-26 15:53:23,301 [myid:] - INFO  [main:ServerCnxnFactory@169] - Using org.apache.zookeeper.server.NIOServerCnxnFactory as server connection factory
2020-06-26 15:53:23,302 [myid:] - WARN  [main:ServerCnxnFactory@309] - maxCnxns is not configured, using default value 0.
2020-06-26 15:53:23,303 [myid:] - INFO  [main:NIOServerCnxnFactory@666] - Configuring NIO connection handler with 10s sessionless connection timeout, 1 selector thread(s), 8 worker threads, and 64 kB direct buffers.
2020-06-26 15:53:23,304 [myid:] - INFO  [main:NIOServerCnxnFactory@674] - binding to port 0.0.0.0/0.0.0.0:2181
2020-06-26 15:53:23,315 [myid:] - INFO  [main:WatchManagerFactory@42] - Using org.apache.zookeeper.server.watch.WatchManager as watch manager
2020-06-26 15:53:23,315 [myid:] - INFO  [main:WatchManagerFactory@42] - Using org.apache.zookeeper.server.watch.WatchManager as watch manager
2020-06-26 15:53:23,315 [myid:] - INFO  [main:ZKDatabase@132] - zookeeper.snapshotSizeFactor = 0.33
2020-06-26 15:53:23,315 [myid:] - INFO  [main:ZKDatabase@152] - zookeeper.commitLogCount=500
2020-06-26 15:53:23,319 [myid:] - INFO  [main:SnapStream@61] - zookeeper.snapshot.compression.method = CHECKED
2020-06-26 15:53:23,322 [myid:] - INFO  [main:FileSnap@85] - Reading snapshot /tmp/zookeeper/version-2/snapshot.88
2020-06-26 15:53:23,327 [myid:] - INFO  [main:DataTree@1730] - The digest in the snapshot has digest version of 2, , with zxid as 0x88, and digest value as 8997499054
2020-06-26 15:53:23,345 [myid:] - INFO  [main:FileTxnSnapLog@363] - 10 txns loaded in 10 ms
2020-06-26 15:53:23,345 [myid:] - INFO  [main:ZKDatabase@289] - Snapshot loaded in 30 ms, highest zxid is 0x92, digest is 13028426155
2020-06-26 15:53:23,346 [myid:] - INFO  [main:FileTxnSnapLog@470] - Snapshotting: 0x92 to /tmp/zookeeper/version-2/snapshot.92
2020-06-26 15:53:23,349 [myid:] - INFO  [main:ZooKeeperServer@519] - Snapshot taken in 3 ms
2020-06-26 15:53:23,357 [myid:] - INFO  [main:RequestThrottler@74] - zookeeper.request_throttler.shutdownTimeout = 10000
2020-06-26 15:53:23,368 [myid:] - INFO  [main:ContainerManager@83] - Using checkIntervalMs=60000 maxPerMinute=10000 maxNeverUsedIntervalMs=0
2020-06-26 15:53:23,369 [myid:] - INFO  [main:ZKAuditProvider@42] - ZooKeeper audit is disabled.
2020-06-26 15:53:33,951 [myid:] - INFO  [SyncThread:0:FileTxnLog@284] - Creating new log file: log.93
2020-06-26 15:54:04,614 [myid:] - INFO  [SessionTracker:ZooKeeperServer@600] - Expiring session 0x10000f4010b0000, timeout of 40000ms exceeded
2020-06-26 15:54:04,615 [myid:] - INFO  [SessionTracker:ZooKeeperServer@600] - Expiring session 0x10001117a090001, timeout of 40000ms exceeded
2020-06-26 15:54:13,691 [myid:] - WARN  [NIOWorkerThread-2:NIOServerCnxn@364] - Unexpected exception
EndOfStreamException: Unable to read additional data from client, it probably closed the socket: address = /127.0.0.1:63543, session = 0x1000115a9010000
	at org.apache.zookeeper.server.NIOServerCnxn.handleFailedRead(NIOServerCnxn.java:163)
	at org.apache.zookeeper.server.NIOServerCnxn.doIO(NIOServerCnxn.java:326)
	at org.apache.zookeeper.server.NIOServerCnxnFactory$IOWorkRequest.doWork(NIOServerCnxnFactory.java:522)
	at org.apache.zookeeper.server.WorkerService$ScheduledWorkRequest.run(WorkerService.java:154)
	at java.util.concurrent.ThreadPoolExecutor.runWorker(ThreadPoolExecutor.java:1149)
	at java.util.concurrent.ThreadPoolExecutor$Worker.run(ThreadPoolExecutor.java:624)
	at java.lang.Thread.run(Thread.java:748)
2020-06-26 15:54:23,370 [myid:] - INFO  [ContainerManagerTask:ContainerManager@134] - Attempting to delete candidate container: /services/LondonFintechApp
2020-06-26 15:54:54,617 [myid:] - INFO  [SessionTracker:ZooKeeperServer@600] - Expiring session 0x1000115a9010000, timeout of 40000ms exceeded
2020-06-26 15:55:23,373 [myid:] - INFO  [ContainerManagerTask:ContainerManager@134] - Attempting to delete candidate container: /services
2020-06-26 15:57:10,501 [myid:] - WARN  [NIOWorkerThread-1:NIOServerCnxn@364] - Unexpected exception
EndOfStreamException: Unable to read additional data from client, it probably closed the socket: address = /0:0:0:0:0:0:0:1:63653, session = 0x1000115a9010002
	at org.apache.zookeeper.server.NIOServerCnxn.handleFailedRead(NIOServerCnxn.java:163)
	at org.apache.zookeeper.server.NIOServerCnxn.doIO(NIOServerCnxn.java:326)
	at org.apache.zookeeper.server.NIOServerCnxnFactory$IOWorkRequest.doWork(NIOServerCnxnFactory.java:522)
	at org.apache.zookeeper.server.WorkerService$ScheduledWorkRequest.run(WorkerService.java:154)
	at java.util.concurrent.ThreadPoolExecutor.runWorker(ThreadPoolExecutor.java:1149)
	at java.util.concurrent.ThreadPoolExecutor$Worker.run(ThreadPoolExecutor.java:624)
	at java.lang.Thread.run(Thread.java:748)
2020-06-26 15:57:50,618 [myid:] - INFO  [SessionTracker:ZooKeeperServer@600] - Expiring session 0x1000115a9010002, timeout of 40000ms exceeded
